2026-03-18 17:57:03,444 | INFO | ingest_yfinance | ============================================================
2026-03-18 17:57:03,444 | INFO | ingest_yfinance | yfinance Historical Price Ingestion
2026-03-18 17:57:03,444 | INFO | ingest_yfinance | Tickers : 3
2026-03-18 17:57:03,444 | INFO | ingest_yfinance | Period  : 2024-01-01 → 2024-03-31
2026-03-18 17:57:03,444 | INFO | ingest_yfinance | Output  : /Users/karthikmohan/Desktop/stock-intelligence-pipeline/data/bronze/prices/yfinance/
2026-03-18 17:57:03,444 | INFO | ingest_yfinance | ============================================================
2026-03-18 17:57:03,444 | INFO | ingest_yfinance | 
[01/3] AAPL
2026-03-18 17:57:03,444 | INFO | ingest_yfinance |   Downloading AAPL (attempt 1/3)
2026-03-18 17:57:03,979 | INFO | ingest_yfinance |   AAPL: 61 rows from 2024-01-02 to 2024-03-28
2026-03-18 17:57:04,014 | INFO | ingest_yfinance |   Saved: /Users/karthikmohan/Desktop/stock-intelligence-pipeline/data/bronze/prices/yfinance/year=2024/AAPL.parquet (8.3 KB, 61 rows)
2026-03-18 17:57:04,319 | INFO | ingest_yfinance | 
[02/3] MSFT
2026-03-18 17:57:04,320 | INFO | ingest_yfinance |   Downloading MSFT (attempt 1/3)
2026-03-18 17:57:04,692 | INFO | ingest_yfinance |   MSFT: 61 rows from 2024-01-02 to 2024-03-28
2026-03-18 17:57:04,696 | INFO | ingest_yfinance |   Saved: /Users/karthikmohan/Desktop/stock-intelligence-pipeline/data/bronze/prices/yfinance/year=2024/MSFT.parquet (8.3 KB, 61 rows)
2026-03-18 17:57:05,001 | INFO | ingest_yfinance | 
[03/3] GOOGL
2026-03-18 17:57:05,001 | INFO | ingest_yfinance |   Downloading GOOGL (attempt 1/3)
2026-03-18 17:57:05,461 | INFO | ingest_yfinance |   GOOGL: 61 rows from 2024-01-02 to 2024-03-28
2026-03-18 17:57:05,465 | INFO | ingest_yfinance |   Saved: /Users/karthikmohan/Desktop/stock-intelligence-pipeline/data/bronze/prices/yfinance/year=2024/GOOGL.parquet (8.3 KB, 61 rows)
2026-03-18 17:57:05,768 | INFO | ingest_yfinance | 
============================================================
2026-03-18 17:57:05,797 | INFO | ingest_yfinance | INGESTION COMPLETE
2026-03-18 17:57:05,797 | INFO | ingest_yfinance | Succeeded : 3/3 tickers
2026-03-18 17:57:05,797 | INFO | ingest_yfinance | Failed    : none
2026-03-18 17:57:05,797 | INFO | ingest_yfinance | Total rows: 183
2026-03-18 17:57:05,797 | INFO | ingest_yfinance | Time taken: 2.3s
2026-03-18 17:57:05,797 | INFO | ingest_yfinance | ============================================================
